Verification for: All libraries
libsqlite3.0.dylib
  origin (True): /usr/local/opt/sqlite/lib/libsqlite3.0.dylib
  origin (True): /usr/lib/libSystem.B.dylib
libxml2.2.dylib
  origin (False): /usr/local/opt/libxml2/lib/libxml2.2.dylib
  origin (True): /usr/lib/libSystem.B.dylib
  origin (True): /usr/lib/libz.1.dylib
  origin (True): /usr/lib/libiconv.2.dylib
libboost_thread.dylib
  origin (False): libboost_thread.dylib
  origin (True): /Users/ladino/Documents/03-Code/02-Python/practices/demo-scoop/symupy/lib/darwin/libboost_system.dylib
  origin (True): /usr/lib/libc++.1.dylib
  origin (True): /usr/lib/libSystem.B.dylib
libboost_wserialization.dylib
  origin (False): libboost_wserialization.dylib
  origin (True): /Users/ladino/Documents/03-Code/02-Python/practices/demo-scoop/symupy/lib/darwin/libboost_serialization.dylib
  origin (True): /usr/lib/libc++.1.dylib
  origin (True): /usr/lib/libSystem.B.dylib
libxerces-c-3.1.dylib
  origin (False): /usr/local/lib/libxerces-c-3.1.dylib
  origin (True): /usr/lib/libSystem.B.dylib
  origin (True): /usr/lib/libcurl.4.dylib
  origin (True): /usr/lib/libc++.1.dylib
libgeos_c.1.dylib
  origin (False): /usr/local/lib/libgeos_c.1.dylib
  origin (True): /Users/ladino/Documents/03-Code/02-Python/practices/demo-scoop/symupy/lib/darwin/libgeos-3.4.2.dylib
  origin (True): /usr/lib/libc++.1.dylib
  origin (True): /usr/lib/libSystem.B.dylib
libproj.9.dylib
  origin (False): /usr/local/lib/libproj.9.dylib
  origin (True): /usr/lib/libSystem.B.dylib
liblwgeom-2.1.5.dylib
  origin (False): /usr/local/opt/liblwgeom/lib/liblwgeom-2.1.5.dylib
  origin (True): /Users/ladino/Documents/03-Code/02-Python/practices/demo-scoop/symupy/lib/darwin/libgeos_c.1.dylib
  origin (True): /Users/ladino/Documents/03-Code/02-Python/practices/demo-scoop/symupy/lib/darwin/libproj.9.dylib
  origin (True): /usr/lib/libSystem.B.dylib
  origin (True): /Users/ladino/Documents/03-Code/02-Python/practices/demo-scoop/symupy/lib/darwin/libjson-c.2.dylib
libboost_locale.dylib
  origin (False): libboost_locale.dylib
  origin (True): /Users/ladino/Documents/03-Code/02-Python/practices/demo-scoop/symupy/lib/darwin/libboost_system.dylib
  origin (True): /usr/lib/libiconv.2.dylib
  origin (True): /usr/lib/libc++.1.dylib
  origin (True): /usr/lib/libSystem.B.dylib
libpng16.16.dylib
  origin (True): /usr/local/lib/libpng16.16.dylib
  origin (True): /usr/lib/libz.1.dylib
  origin (True): /usr/lib/libSystem.B.dylib
libxqilla.3.dylib
  origin (False): /usr/local/lib/libxqilla.3.dylib
  origin (True): /Users/ladino/Documents/03-Code/02-Python/practices/demo-scoop/symupy/lib/darwin/libxerces-c-3.1.dylib
  origin (True): /usr/lib/libSystem.B.dylib
  origin (True): /usr/lib/libc++.1.dylib
libgeos-3.4.2.dylib
  origin (False): /usr/local/lib/libgeos-3.4.2.dylib
  origin (True): /usr/lib/libc++.1.dylib
  origin (True): /usr/lib/libSystem.B.dylib
libSymuMaster.dylib
  origin (False): @rpath/libSymuMaster.dylib
  origin (True): /Users/ladino/Documents/03-Code/02-Python/practices/demo-scoop/symupy/lib/darwin/libSymuVia.dylib
  origin (True): /Users/ladino/Documents/03-Code/02-Python/practices/demo-scoop/symupy/lib/darwin/libSymuCore.dylib
  origin (True): /usr/local/lib/libxerces-c-3.2.dylib
  origin (True): /Users/ladino/Documents/03-Code/02-Python/practices/demo-scoop/symupy/lib/darwin/libboost_date_time.dylib
  origin (True): /Users/ladino/Documents/03-Code/02-Python/practices/demo-scoop/symupy/lib/darwin/libboost_log.dylib
  origin (True): /Users/ladino/Documents/03-Code/02-Python/practices/demo-scoop/symupy/lib/darwin/libboost_system.dylib
  origin (True): /Users/ladino/Documents/03-Code/02-Python/practices/demo-scoop/symupy/lib/darwin/libboost_filesystem.dylib
  origin (True): /Users/ladino/Documents/03-Code/02-Python/practices/demo-scoop/symupy/lib/darwin/libboost_thread.dylib
  origin (True): /Users/ladino/Documents/03-Code/02-Python/practices/demo-scoop/symupy/lib/darwin/libboost_chrono.dylib
  origin (True): /usr/lib/libc++.1.dylib
  origin (True): /usr/lib/libSystem.B.dylib
libboost_regex.dylib
  origin (False): libboost_regex.dylib
  origin (True): /usr/lib/libc++.1.dylib
  origin (True): /usr/lib/libSystem.B.dylib
libboost_python.dylib
  origin (False): libboost_python.dylib
  origin (True): /usr/lib/libc++.1.dylib
  origin (True): /usr/lib/libSystem.B.dylib
libboost_program_options.dylib
  origin (False): libboost_program_options.dylib
  origin (True): /usr/lib/libc++.1.dylib
  origin (True): /usr/lib/libSystem.B.dylib
libgeotiff.2.dylib
  origin (False): /usr/local/lib/libgeotiff.2.dylib
  origin (True): /usr/lib/libSystem.B.dylib
  origin (True): /Users/ladino/Documents/03-Code/02-Python/practices/demo-scoop/symupy/lib/darwin/libproj.9.dylib
  origin (True): /Users/ladino/Documents/03-Code/02-Python/practices/demo-scoop/symupy/lib/darwin/libtiff.5.dylib
  origin (True): /Users/ladino/Documents/03-Code/02-Python/practices/demo-scoop/symupy/lib/darwin/libjpeg.8.dylib
  origin (True): /usr/lib/libz.1.dylib
libSymuCore.dylib
  origin (False): @rpath/libSymuCore.dylib
  origin (True): /Users/ladino/Documents/03-Code/02-Python/practices/demo-scoop/symupy/lib/darwin/libboost_date_time.dylib
  origin (True): /Users/ladino/Documents/03-Code/02-Python/practices/demo-scoop/symupy/lib/darwin/libboost_locale.dylib
  origin (True): /usr/lib/libc++.1.dylib
  origin (True): /usr/lib/libSystem.B.dylib
libspatialite.7.dylib
  origin (False): /usr/local/lib/libspatialite.7.dylib
  origin (True): /usr/lib/libSystem.B.dylib
  origin (True): /Users/ladino/Documents/03-Code/02-Python/practices/demo-scoop/symupy/lib/darwin/libxml2.2.dylib
  origin (True): /Users/ladino/Documents/03-Code/02-Python/practices/demo-scoop/symupy/lib/darwin/libfreexl.1.dylib
  origin (True): /usr/lib/libiconv.2.dylib
  origin (True): /Users/ladino/Documents/03-Code/02-Python/practices/demo-scoop/symupy/lib/darwin/libproj.9.dylib
  origin (True): /usr/lib/libz.1.dylib
  origin (True): /Users/ladino/Documents/03-Code/02-Python/practices/demo-scoop/symupy/lib/darwin/libsqlite3.0.dylib
  origin (True): /Users/ladino/Documents/03-Code/02-Python/practices/demo-scoop/symupy/lib/darwin/liblwgeom-2.1.5.dylib
  origin (True): /Users/ladino/Documents/03-Code/02-Python/practices/demo-scoop/symupy/lib/darwin/libgeos_c.1.dylib
libboost_serialization.dylib
  origin (False): libboost_serialization.dylib
  origin (True): /usr/lib/libc++.1.dylib
  origin (True): /usr/lib/libSystem.B.dylib
libgdal.1.dylib
  origin (False): /usr/local/lib/libgdal.1.dylib
  origin (True): /Users/ladino/Documents/03-Code/02-Python/practices/demo-scoop/symupy/lib/darwin/libproj.9.dylib
  origin (True): /Users/ladino/Documents/03-Code/02-Python/practices/demo-scoop/symupy/lib/darwin/libjson-c.2.dylib
  origin (True): /Users/ladino/Documents/03-Code/02-Python/practices/demo-scoop/symupy/lib/darwin/libfreexl.1.dylib
  origin (True): /Users/ladino/Documents/03-Code/02-Python/practices/demo-scoop/symupy/lib/darwin/libgeos_c.1.dylib
  origin (True): /usr/lib/libexpat.1.dylib
  origin (True): /Users/ladino/Documents/03-Code/02-Python/practices/demo-scoop/symupy/lib/darwin/libgif.4.dylib
  origin (True): /Users/ladino/Documents/03-Code/02-Python/practices/demo-scoop/symupy/lib/darwin/libjpeg.8.dylib
  origin (True): /Users/ladino/Documents/03-Code/02-Python/practices/demo-scoop/symupy/lib/darwin/libgeotiff.2.dylib
  origin (True): /Users/ladino/Documents/03-Code/02-Python/practices/demo-scoop/symupy/lib/darwin/libtiff.5.dylib
  origin (True): /Users/ladino/Documents/03-Code/02-Python/practices/demo-scoop/symupy/lib/darwin/libpng16.16.dylib
  origin (True): /usr/lib/libSystem.B.dylib
  origin (True): /Users/ladino/Documents/03-Code/02-Python/practices/demo-scoop/symupy/lib/darwin/libspatialite.7.dylib
  origin (True): /Users/ladino/Documents/03-Code/02-Python/practices/demo-scoop/symupy/lib/darwin/libsqlite3.0.dylib
  origin (True): /usr/lib/libcurl.4.dylib
  origin (True): /Users/ladino/Documents/03-Code/02-Python/practices/demo-scoop/symupy/lib/darwin/libxml2.2.dylib
  origin (True): /usr/lib/libz.1.dylib
  origin (True): /usr/lib/libiconv.2.dylib
  origin (True): /usr/lib/libc++.1.dylib
libboost_filesystem.dylib
  origin (False): libboost_filesystem.dylib
  origin (True): /Users/ladino/Documents/03-Code/02-Python/practices/demo-scoop/symupy/lib/darwin/libboost_system.dylib
  origin (True): /usr/lib/libc++.1.dylib
  origin (True): /usr/lib/libSystem.B.dylib
libjson-c.2.dylib
  origin (False): /usr/local/lib/libjson-c.2.dylib
  origin (True): /usr/lib/libSystem.B.dylib
libtiff.5.dylib
  origin (True): /usr/local/lib/libtiff.5.dylib
  origin (True): /Users/ladino/Documents/03-Code/02-Python/practices/demo-scoop/symupy/lib/darwin/libjpeg.8.dylib
  origin (True): /usr/lib/libz.1.dylib
  origin (True): /usr/lib/libSystem.B.dylib
libjpeg.8.dylib
  origin (False): /usr/local/lib/libjpeg.8.dylib
  origin (True): /usr/lib/libSystem.B.dylib
libgif.4.dylib
  origin (False): /usr/local/lib/libgif.4.dylib
  origin (True): /usr/lib/libSystem.B.dylib
libboost_log.dylib
  origin (False): libboost_log.dylib
  origin (True): /Users/ladino/Documents/03-Code/02-Python/practices/demo-scoop/symupy/lib/darwin/libboost_chrono.dylib
  origin (True): /Users/ladino/Documents/03-Code/02-Python/practices/demo-scoop/symupy/lib/darwin/libboost_thread.dylib
  origin (True): /Users/ladino/Documents/03-Code/02-Python/practices/demo-scoop/symupy/lib/darwin/libboost_date_time.dylib
  origin (True): /Users/ladino/Documents/03-Code/02-Python/practices/demo-scoop/symupy/lib/darwin/libboost_filesystem.dylib
  origin (True): /Users/ladino/Documents/03-Code/02-Python/practices/demo-scoop/symupy/lib/darwin/libboost_system.dylib
  origin (True): /Users/ladino/Documents/03-Code/02-Python/practices/demo-scoop/symupy/lib/darwin/libboost_regex.dylib
  origin (True): /usr/lib/libc++.1.dylib
  origin (True): /usr/lib/libSystem.B.dylib
libodbc.2.dylib
  origin (False): /usr/local/lib/libodbc.2.dylib
  origin (True): /usr/lib/libiconv.2.dylib
  origin (True): /usr/lib/libSystem.B.dylib
libboost_date_time.dylib
  origin (False): libboost_date_time.dylib
  origin (True): /usr/lib/libc++.1.dylib
  origin (False): /Users/ladino/Documents/03-Code/02-Python/symupy/symupy/symuvia/Contents/Frameworks/libSystem.B.dylib
libSymuVia.dylib
  origin (False): @rpath/libSymuVia.dylib
  origin (True): /Users/ladino/Documents/03-Code/02-Python/practices/demo-scoop/symupy/lib/darwin/libboost_serialization.dylib
  origin (True): /Users/ladino/Documents/03-Code/02-Python/practices/demo-scoop/symupy/lib/darwin/libboost_wserialization.dylib
  origin (True): /Users/ladino/Documents/03-Code/02-Python/practices/demo-scoop/symupy/lib/darwin/libboost_python.dylib
  origin (True): /Users/ladino/Documents/03-Code/02-Python/practices/demo-scoop/symupy/lib/darwin/libboost_locale.dylib
  origin (True): /Users/ladino/Documents/03-Code/02-Python/practices/demo-scoop/symupy/lib/darwin/libboost_date_time.dylib
  origin (True): /Users/ladino/Documents/03-Code/02-Python/practices/demo-scoop/symupy/lib/darwin/libboost_log.dylib
  origin (True): /Users/ladino/Documents/03-Code/02-Python/practices/demo-scoop/symupy/lib/darwin/libboost_system.dylib
  origin (True): /Users/ladino/Documents/03-Code/02-Python/practices/demo-scoop/symupy/lib/darwin/libboost_filesystem.dylib
  origin (True): /Users/ladino/Documents/03-Code/02-Python/practices/demo-scoop/symupy/lib/darwin/libboost_thread.dylib
  origin (True): /Users/ladino/Documents/03-Code/02-Python/practices/demo-scoop/symupy/lib/darwin/libboost_chrono.dylib
  origin (True): /Users/ladino/Documents/03-Code/02-Python/practices/demo-scoop/symupy/lib/darwin/libxerces-c-3.1.dylib
  origin (True): /Users/ladino/Documents/03-Code/02-Python/practices/demo-scoop/symupy/lib/darwin/libxqilla.3.dylib
  origin (True): /Users/ladino/Documents/03-Code/02-Python/practices/demo-scoop/symupy/lib/darwin/libgdal.1.dylib
  origin (True): /Users/ladino/Documents/03-Code/02-Python/practices/demo-scoop/symupy/lib/darwin/libSymuCore.dylib
  origin (True): /Users/ladino/Documents/03-Code/02-Python/practices/demo-scoop/symupy/lib/darwin/libodbc.2.dylib
  origin (True): /usr/lib/libc++.1.dylib
  origin (True): /usr/lib/libSystem.B.dylib
libboost_system.dylib
  origin (False): libboost_system.dylib
  origin (True): /usr/lib/libc++.1.dylib
  origin (True): /usr/lib/libSystem.B.dylib
libfreexl.1.dylib
  origin (False): /usr/local/lib/libfreexl.1.dylib
  origin (True): /usr/lib/libSystem.B.dylib
  origin (True): /usr/lib/libiconv.2.dylib
libboost_chrono.dylib
  origin (False): libboost_chrono.dylib
  origin (True): /Users/ladino/Documents/03-Code/02-Python/practices/demo-scoop/symupy/lib/darwin/libboost_system.dylib
  origin (True): /usr/lib/libc++.1.dylib
  origin (True): /usr/lib/libSystem.B.dylib
['/usr/local/opt/sqlite/lib', '/usr/lib', '/usr/local/opt/libxml2/lib', '', '/Users/ladino/Documents/03-Code/02-Python/practices/demo-scoop/symupy/lib/darwin', '/usr/local/lib', '/usr/local/opt/liblwgeom/lib', '@rpath', '/Users/ladino/Documents/03-Code/02-Python/symupy/symupy/symuvia/Contents/Frameworks']
