Verification for: All libraries
libsqlite3.0.dylib
  origin (exist): /Users/ladino/Documents/03-Code/02-Python/practices/demo-scoop/symupy/lib/darwin/libsqlite3.0.dylib
  origin (exist): /usr/local/opt/sqlite/lib/libsqlite3.0.dylib
  origin (exist): /usr/lib/libSystem.B.dylib
libxml2.2.dylib
  origin (exist): /Users/ladino/Documents/03-Code/02-Python/practices/demo-scoop/symupy/lib/darwin/libxml2.2.dylib
  origin (absent): /usr/local/opt/libxml2/lib/libxml2.2.dylib
  origin (exist): /usr/lib/libSystem.B.dylib
  origin (exist): /usr/lib/libz.1.dylib
  origin (exist): /usr/lib/libiconv.2.dylib
libboost_thread.dylib
  origin (exist): /Users/ladino/Documents/03-Code/02-Python/practices/demo-scoop/symupy/lib/darwin/libboost_thread.dylib
  origin (absent): libboost_thread.dylib
  origin (absent): /Users/ladino/Documents/03-Code/02-Python/symupy/symupy-dev/symupy/symuvia/Contents/Frameworks/libboost_system.dylib
  origin (exist): /usr/lib/libc++.1.dylib
  origin (exist): /usr/lib/libSystem.B.dylib
libboost_wserialization.dylib
  origin (exist): /Users/ladino/Documents/03-Code/02-Python/practices/demo-scoop/symupy/lib/darwin/libboost_wserialization.dylib
  origin (absent): libboost_wserialization.dylib
  origin (absent): /Users/ladino/Documents/03-Code/02-Python/symupy/symupy-dev/symupy/symuvia/Contents/Frameworks/libboost_serialization.dylib
  origin (exist): /usr/lib/libc++.1.dylib
  origin (exist): /usr/lib/libSystem.B.dylib
libxerces-c-3.1.dylib
  origin (exist): /Users/ladino/Documents/03-Code/02-Python/practices/demo-scoop/symupy/lib/darwin/libxerces-c-3.1.dylib
  origin (absent): /usr/local/lib/libxerces-c-3.1.dylib
  origin (exist): /usr/lib/libSystem.B.dylib
  origin (exist): /usr/lib/libcurl.4.dylib
  origin (exist): /usr/lib/libc++.1.dylib
libgeos_c.1.dylib
  origin (exist): /Users/ladino/Documents/03-Code/02-Python/practices/demo-scoop/symupy/lib/darwin/libgeos_c.1.dylib
  origin (absent): /usr/local/lib/libgeos_c.1.dylib
  origin (absent): /Users/ladino/Documents/03-Code/02-Python/symupy/symupy-dev/symupy/symuvia/Contents/Frameworks/libgeos-3.4.2.dylib
  origin (exist): /usr/lib/libc++.1.dylib
  origin (exist): /usr/lib/libSystem.B.dylib
libproj.9.dylib
  origin (exist): /Users/ladino/Documents/03-Code/02-Python/practices/demo-scoop/symupy/lib/darwin/libproj.9.dylib
  origin (absent): /usr/local/lib/libproj.9.dylib
  origin (exist): /usr/lib/libSystem.B.dylib
liblwgeom-2.1.5.dylib
  origin (exist): /Users/ladino/Documents/03-Code/02-Python/practices/demo-scoop/symupy/lib/darwin/liblwgeom-2.1.5.dylib
  origin (absent): /usr/local/opt/liblwgeom/lib/liblwgeom-2.1.5.dylib
  origin (absent): /Users/ladino/Documents/03-Code/02-Python/symupy/symupy-dev/symupy/symuvia/Contents/Frameworks/libgeos_c.1.dylib
  origin (absent): /Users/ladino/Documents/03-Code/02-Python/symupy/symupy-dev/symupy/symuvia/Contents/Frameworks/libproj.9.dylib
  origin (exist): /usr/lib/libSystem.B.dylib
  origin (absent): /Users/ladino/Documents/03-Code/02-Python/symupy/symupy-dev/symupy/symuvia/Contents/Frameworks/libjson-c.2.dylib
libboost_locale.dylib
  origin (exist): /Users/ladino/Documents/03-Code/02-Python/practices/demo-scoop/symupy/lib/darwin/libboost_locale.dylib
  origin (absent): libboost_locale.dylib
  origin (absent): /Users/ladino/Documents/03-Code/02-Python/symupy/symupy-dev/symupy/symuvia/Contents/Frameworks/libboost_system.dylib
  origin (exist): /usr/lib/libiconv.2.dylib
  origin (exist): /usr/lib/libc++.1.dylib
  origin (exist): /usr/lib/libSystem.B.dylib
libpng16.16.dylib
  origin (exist): /Users/ladino/Documents/03-Code/02-Python/practices/demo-scoop/symupy/lib/darwin/libpng16.16.dylib
  origin (exist): /usr/local/lib/libpng16.16.dylib
  origin (exist): /usr/lib/libz.1.dylib
  origin (exist): /usr/lib/libSystem.B.dylib
libxqilla.3.dylib
  origin (exist): /Users/ladino/Documents/03-Code/02-Python/practices/demo-scoop/symupy/lib/darwin/libxqilla.3.dylib
  origin (absent): /usr/local/lib/libxqilla.3.dylib
  origin (absent): /Users/ladino/Documents/03-Code/02-Python/symupy/symupy-dev/symupy/symuvia/Contents/Frameworks/libxerces-c-3.1.dylib
  origin (exist): /usr/lib/libSystem.B.dylib
  origin (exist): /usr/lib/libc++.1.dylib
libgeos-3.4.2.dylib
  origin (exist): /Users/ladino/Documents/03-Code/02-Python/practices/demo-scoop/symupy/lib/darwin/libgeos-3.4.2.dylib
  origin (absent): /usr/local/lib/libgeos-3.4.2.dylib
  origin (exist): /usr/lib/libc++.1.dylib
  origin (exist): /usr/lib/libSystem.B.dylib
libSymuMaster.dylib
  origin (exist): /Users/ladino/Documents/03-Code/02-Python/practices/demo-scoop/symupy/lib/darwin/libSymuMaster.dylib
  origin (absent): @rpath/libSymuMaster.dylib
  origin (absent): /Users/ladino/Documents/03-Code/02-Python/symupy/symupy-dev/symupy/symuvia/Contents/Frameworks/libSymuVia.dylib
  origin (absent): /Users/ladino/Documents/03-Code/02-Python/symupy/symupy-dev/symupy/symuvia/Contents/Frameworks/libSymuCore.dylib
  origin (exist): /usr/local/lib/libxerces-c-3.2.dylib
  origin (absent): /Users/ladino/Documents/03-Code/02-Python/symupy/symupy-dev/symupy/symuvia/Contents/Frameworks/libboost_date_time.dylib
  origin (absent): /Users/ladino/Documents/03-Code/02-Python/symupy/symupy-dev/symupy/symuvia/Contents/Frameworks/libboost_log.dylib
  origin (absent): /Users/ladino/Documents/03-Code/02-Python/symupy/symupy-dev/symupy/symuvia/Contents/Frameworks/libboost_system.dylib
  origin (absent): /Users/ladino/Documents/03-Code/02-Python/symupy/symupy-dev/symupy/symuvia/Contents/Frameworks/libboost_filesystem.dylib
  origin (absent): /Users/ladino/Documents/03-Code/02-Python/symupy/symupy-dev/symupy/symuvia/Contents/Frameworks/libboost_thread.dylib
  origin (absent): /Users/ladino/Documents/03-Code/02-Python/symupy/symupy-dev/symupy/symuvia/Contents/Frameworks/libboost_chrono.dylib
  origin (exist): /usr/lib/libc++.1.dylib
  origin (exist): /usr/lib/libSystem.B.dylib
libboost_regex.dylib
  origin (exist): /Users/ladino/Documents/03-Code/02-Python/practices/demo-scoop/symupy/lib/darwin/libboost_regex.dylib
  origin (absent): libboost_regex.dylib
  origin (exist): /usr/lib/libc++.1.dylib
  origin (exist): /usr/lib/libSystem.B.dylib
libboost_python.dylib
  origin (exist): /Users/ladino/Documents/03-Code/02-Python/practices/demo-scoop/symupy/lib/darwin/libboost_python.dylib
  origin (absent): libboost_python.dylib
  origin (exist): /usr/lib/libc++.1.dylib
  origin (exist): /usr/lib/libSystem.B.dylib
libboost_program_options.dylib
  origin (exist): /Users/ladino/Documents/03-Code/02-Python/practices/demo-scoop/symupy/lib/darwin/libboost_program_options.dylib
  origin (absent): libboost_program_options.dylib
  origin (exist): /usr/lib/libc++.1.dylib
  origin (exist): /usr/lib/libSystem.B.dylib
libgeotiff.2.dylib
  origin (exist): /Users/ladino/Documents/03-Code/02-Python/practices/demo-scoop/symupy/lib/darwin/libgeotiff.2.dylib
  origin (absent): /usr/local/lib/libgeotiff.2.dylib
  origin (exist): /usr/lib/libSystem.B.dylib
  origin (absent): /Users/ladino/Documents/03-Code/02-Python/symupy/symupy-dev/symupy/symuvia/Contents/Frameworks/libproj.9.dylib
  origin (absent): /Users/ladino/Documents/03-Code/02-Python/symupy/symupy-dev/symupy/symuvia/Contents/Frameworks/libtiff.5.dylib
  origin (absent): /Users/ladino/Documents/03-Code/02-Python/symupy/symupy-dev/symupy/symuvia/Contents/Frameworks/libjpeg.8.dylib
  origin (exist): /usr/lib/libz.1.dylib
libSymuCore.dylib
  origin (exist): /Users/ladino/Documents/03-Code/02-Python/practices/demo-scoop/symupy/lib/darwin/libSymuCore.dylib
  origin (absent): @rpath/libSymuCore.dylib
  origin (absent): /Users/ladino/Documents/03-Code/02-Python/symupy/symupy-dev/symupy/symuvia/Contents/Frameworks/libboost_date_time.dylib
  origin (absent): /Users/ladino/Documents/03-Code/02-Python/symupy/symupy-dev/symupy/symuvia/Contents/Frameworks/libboost_locale.dylib
  origin (exist): /usr/lib/libc++.1.dylib
  origin (exist): /usr/lib/libSystem.B.dylib
libspatialite.7.dylib
  origin (exist): /Users/ladino/Documents/03-Code/02-Python/practices/demo-scoop/symupy/lib/darwin/libspatialite.7.dylib
  origin (absent): /usr/local/lib/libspatialite.7.dylib
  origin (exist): /usr/lib/libSystem.B.dylib
  origin (absent): /Users/ladino/Documents/03-Code/02-Python/symupy/symupy-dev/symupy/symuvia/Contents/Frameworks/libxml2.2.dylib
  origin (absent): /Users/ladino/Documents/03-Code/02-Python/symupy/symupy-dev/symupy/symuvia/Contents/Frameworks/libfreexl.1.dylib
  origin (exist): /usr/lib/libiconv.2.dylib
  origin (absent): /Users/ladino/Documents/03-Code/02-Python/symupy/symupy-dev/symupy/symuvia/Contents/Frameworks/libproj.9.dylib
  origin (exist): /usr/lib/libz.1.dylib
  origin (absent): /Users/ladino/Documents/03-Code/02-Python/symupy/symupy-dev/symupy/symuvia/Contents/Frameworks/libsqlite3.0.dylib
  origin (absent): /Users/ladino/Documents/03-Code/02-Python/symupy/symupy-dev/symupy/symuvia/Contents/Frameworks/liblwgeom-2.1.5.dylib
  origin (absent): /Users/ladino/Documents/03-Code/02-Python/symupy/symupy-dev/symupy/symuvia/Contents/Frameworks/libgeos_c.1.dylib
libboost_serialization.dylib
  origin (exist): /Users/ladino/Documents/03-Code/02-Python/practices/demo-scoop/symupy/lib/darwin/libboost_serialization.dylib
  origin (absent): libboost_serialization.dylib
  origin (exist): /usr/lib/libc++.1.dylib
  origin (exist): /usr/lib/libSystem.B.dylib
libgdal.1.dylib
  origin (exist): /Users/ladino/Documents/03-Code/02-Python/practices/demo-scoop/symupy/lib/darwin/libgdal.1.dylib
  origin (absent): /usr/local/lib/libgdal.1.dylib
  origin (absent): /Users/ladino/Documents/03-Code/02-Python/symupy/symupy-dev/symupy/symuvia/Contents/Frameworks/libproj.9.dylib
  origin (absent): /Users/ladino/Documents/03-Code/02-Python/symupy/symupy-dev/symupy/symuvia/Contents/Frameworks/libjson-c.2.dylib
  origin (absent): /Users/ladino/Documents/03-Code/02-Python/symupy/symupy-dev/symupy/symuvia/Contents/Frameworks/libfreexl.1.dylib
  origin (absent): /Users/ladino/Documents/03-Code/02-Python/symupy/symupy-dev/symupy/symuvia/Contents/Frameworks/libgeos_c.1.dylib
  origin (exist): /usr/lib/libexpat.1.dylib
  origin (absent): /Users/ladino/Documents/03-Code/02-Python/symupy/symupy-dev/symupy/symuvia/Contents/Frameworks/libgif.4.dylib
  origin (absent): /Users/ladino/Documents/03-Code/02-Python/symupy/symupy-dev/symupy/symuvia/Contents/Frameworks/libjpeg.8.dylib
  origin (absent): /Users/ladino/Documents/03-Code/02-Python/symupy/symupy-dev/symupy/symuvia/Contents/Frameworks/libgeotiff.2.dylib
  origin (absent): /Users/ladino/Documents/03-Code/02-Python/symupy/symupy-dev/symupy/symuvia/Contents/Frameworks/libtiff.5.dylib
  origin (absent): /Users/ladino/Documents/03-Code/02-Python/symupy/symupy-dev/symupy/symuvia/Contents/Frameworks/libpng16.16.dylib
  origin (exist): /usr/lib/libSystem.B.dylib
  origin (absent): /Users/ladino/Documents/03-Code/02-Python/symupy/symupy-dev/symupy/symuvia/Contents/Frameworks/libspatialite.7.dylib
  origin (absent): /Users/ladino/Documents/03-Code/02-Python/symupy/symupy-dev/symupy/symuvia/Contents/Frameworks/libsqlite3.0.dylib
  origin (exist): /usr/lib/libcurl.4.dylib
  origin (absent): /Users/ladino/Documents/03-Code/02-Python/symupy/symupy-dev/symupy/symuvia/Contents/Frameworks/libxml2.2.dylib
  origin (exist): /usr/lib/libz.1.dylib
  origin (exist): /usr/lib/libiconv.2.dylib
  origin (exist): /usr/lib/libc++.1.dylib
libboost_filesystem.dylib
  origin (exist): /Users/ladino/Documents/03-Code/02-Python/practices/demo-scoop/symupy/lib/darwin/libboost_filesystem.dylib
  origin (absent): libboost_filesystem.dylib
  origin (absent): /Users/ladino/Documents/03-Code/02-Python/symupy/symupy-dev/symupy/symuvia/Contents/Frameworks/libboost_system.dylib
  origin (exist): /usr/lib/libc++.1.dylib
  origin (exist): /usr/lib/libSystem.B.dylib
libjson-c.2.dylib
  origin (exist): /Users/ladino/Documents/03-Code/02-Python/practices/demo-scoop/symupy/lib/darwin/libjson-c.2.dylib
  origin (absent): /usr/local/lib/libjson-c.2.dylib
  origin (exist): /usr/lib/libSystem.B.dylib
libtiff.5.dylib
  origin (exist): /Users/ladino/Documents/03-Code/02-Python/practices/demo-scoop/symupy/lib/darwin/libtiff.5.dylib
  origin (exist): /usr/local/lib/libtiff.5.dylib
  origin (absent): /Users/ladino/Documents/03-Code/02-Python/symupy/symupy-dev/symupy/symuvia/Contents/Frameworks/libjpeg.8.dylib
  origin (exist): /usr/lib/libz.1.dylib
  origin (exist): /usr/lib/libSystem.B.dylib
libjpeg.8.dylib
  origin (exist): /Users/ladino/Documents/03-Code/02-Python/practices/demo-scoop/symupy/lib/darwin/libjpeg.8.dylib
  origin (absent): /usr/local/lib/libjpeg.8.dylib
  origin (exist): /usr/lib/libSystem.B.dylib
libgif.4.dylib
  origin (exist): /Users/ladino/Documents/03-Code/02-Python/practices/demo-scoop/symupy/lib/darwin/libgif.4.dylib
  origin (absent): /usr/local/lib/libgif.4.dylib
  origin (exist): /usr/lib/libSystem.B.dylib
libboost_log.dylib
  origin (exist): /Users/ladino/Documents/03-Code/02-Python/practices/demo-scoop/symupy/lib/darwin/libboost_log.dylib
  origin (absent): libboost_log.dylib
  origin (absent): /Users/ladino/Documents/03-Code/02-Python/symupy/symupy-dev/symupy/symuvia/Contents/Frameworks/libboost_chrono.dylib
  origin (absent): /Users/ladino/Documents/03-Code/02-Python/symupy/symupy-dev/symupy/symuvia/Contents/Frameworks/libboost_thread.dylib
  origin (absent): /Users/ladino/Documents/03-Code/02-Python/symupy/symupy-dev/symupy/symuvia/Contents/Frameworks/libboost_date_time.dylib
  origin (absent): /Users/ladino/Documents/03-Code/02-Python/symupy/symupy-dev/symupy/symuvia/Contents/Frameworks/libboost_filesystem.dylib
  origin (absent): /Users/ladino/Documents/03-Code/02-Python/symupy/symupy-dev/symupy/symuvia/Contents/Frameworks/libboost_system.dylib
  origin (absent): /Users/ladino/Documents/03-Code/02-Python/symupy/symupy-dev/symupy/symuvia/Contents/Frameworks/libboost_regex.dylib
  origin (exist): /usr/lib/libc++.1.dylib
  origin (exist): /usr/lib/libSystem.B.dylib
libodbc.2.dylib
  origin (exist): /Users/ladino/Documents/03-Code/02-Python/practices/demo-scoop/symupy/lib/darwin/libodbc.2.dylib
  origin (absent): /usr/local/lib/libodbc.2.dylib
  origin (exist): /usr/lib/libiconv.2.dylib
  origin (exist): /usr/lib/libSystem.B.dylib
libboost_date_time.dylib
  origin (exist): /Users/ladino/Documents/03-Code/02-Python/practices/demo-scoop/symupy/lib/darwin/libboost_date_time.dylib
  origin (absent): libboost_date_time.dylib
  origin (exist): /usr/lib/libc++.1.dylib
  origin (absent): /Users/ladino/Documents/03-Code/02-Python/symupy/symupy/symuvia/Contents/Frameworks/libSystem.B.dylib
libSymuVia.dylib
  origin (exist): /Users/ladino/Documents/03-Code/02-Python/practices/demo-scoop/symupy/lib/darwin/libSymuVia.dylib
  origin (absent): @rpath/libSymuVia.dylib
  origin (absent): /Users/ladino/Documents/03-Code/02-Python/symupy/symupy-dev/symupy/symuvia/Contents/Frameworks/libboost_serialization.dylib
  origin (absent): /Users/ladino/Documents/03-Code/02-Python/symupy/symupy-dev/symupy/symuvia/Contents/Frameworks/libboost_wserialization.dylib
  origin (absent): /Users/ladino/Documents/03-Code/02-Python/symupy/symupy-dev/symupy/symuvia/Contents/Frameworks/libboost_python.dylib
  origin (absent): /Users/ladino/Documents/03-Code/02-Python/symupy/symupy-dev/symupy/symuvia/Contents/Frameworks/libboost_locale.dylib
  origin (absent): /Users/ladino/Documents/03-Code/02-Python/symupy/symupy-dev/symupy/symuvia/Contents/Frameworks/libboost_date_time.dylib
  origin (absent): /Users/ladino/Documents/03-Code/02-Python/symupy/symupy-dev/symupy/symuvia/Contents/Frameworks/libboost_log.dylib
  origin (absent): /Users/ladino/Documents/03-Code/02-Python/symupy/symupy-dev/symupy/symuvia/Contents/Frameworks/libboost_system.dylib
  origin (absent): /Users/ladino/Documents/03-Code/02-Python/symupy/symupy-dev/symupy/symuvia/Contents/Frameworks/libboost_filesystem.dylib
  origin (absent): /Users/ladino/Documents/03-Code/02-Python/symupy/symupy-dev/symupy/symuvia/Contents/Frameworks/libboost_thread.dylib
  origin (absent): /Users/ladino/Documents/03-Code/02-Python/symupy/symupy-dev/symupy/symuvia/Contents/Frameworks/libboost_chrono.dylib
  origin (absent): /Users/ladino/Documents/03-Code/02-Python/symupy/symupy-dev/symupy/symuvia/Contents/Frameworks/libxerces-c-3.1.dylib
  origin (absent): /Users/ladino/Documents/03-Code/02-Python/symupy/symupy-dev/symupy/symuvia/Contents/Frameworks/libxqilla.3.dylib
  origin (absent): /Users/ladino/Documents/03-Code/02-Python/symupy/symupy-dev/symupy/symuvia/Contents/Frameworks/libgdal.1.dylib
  origin (absent): /Users/ladino/Documents/03-Code/02-Python/symupy/symupy-dev/symupy/symuvia/Contents/Frameworks/libSymuCore.dylib
  origin (absent): /Users/ladino/Documents/03-Code/02-Python/symupy/symupy-dev/symupy/symuvia/Contents/Frameworks/libodbc.2.dylib
  origin (exist): /usr/lib/libc++.1.dylib
  origin (exist): /usr/lib/libSystem.B.dylib
libboost_system.dylib
  origin (exist): /Users/ladino/Documents/03-Code/02-Python/practices/demo-scoop/symupy/lib/darwin/libboost_system.dylib
  origin (absent): libboost_system.dylib
  origin (exist): /usr/lib/libc++.1.dylib
  origin (exist): /usr/lib/libSystem.B.dylib
libfreexl.1.dylib
  origin (exist): /Users/ladino/Documents/03-Code/02-Python/practices/demo-scoop/symupy/lib/darwin/libfreexl.1.dylib
  origin (absent): /usr/local/lib/libfreexl.1.dylib
  origin (exist): /usr/lib/libSystem.B.dylib
  origin (exist): /usr/lib/libiconv.2.dylib
libboost_chrono.dylib
  origin (exist): /Users/ladino/Documents/03-Code/02-Python/practices/demo-scoop/symupy/lib/darwin/libboost_chrono.dylib
  origin (absent): libboost_chrono.dylib
  origin (absent): /Users/ladino/Documents/03-Code/02-Python/symupy/symupy-dev/symupy/symuvia/Contents/Frameworks/libboost_system.dylib
  origin (exist): /usr/lib/libc++.1.dylib
  origin (exist): /usr/lib/libSystem.B.dylib
['/Users/ladino/Documents/03-Code/02-Python/practices/demo-scoop/symupy/lib/darwin', '/usr/local/opt/sqlite/lib', '/usr/lib', '/usr/local/opt/libxml2/lib', '', '/Users/ladino/Documents/03-Code/02-Python/symupy/symupy-dev/symupy/symuvia/Contents/Frameworks', '/usr/local/lib', '/usr/local/opt/liblwgeom/lib', '@rpath', '/Users/ladino/Documents/03-Code/02-Python/symupy/symupy/symuvia/Contents/Frameworks']
